

Starting up. 19:45.56
---------------------

ADMIN: Loading jobban_rank
ADMIN: jobban_keylist was empty
ADMIN: Updating jobbanfile!
ADMIN: Loading goon_keylist
ADMIN: goon_keylist was empty
ADMIN: Loading Banlist
ACCESS: Login: Electroncis111/(Electroncis111) from localhost
ADMIN: Electroncis111 has started the game.
ACCESS: Logout: *no client*/(Electroncis111)
ACCESS: Login: Electroncis111/(Bob Marley) from localhost
ADMIN: Electroncis111/(Bob Marley) created a /obj/item/clothing/gloves/latex
ADMIN: Electroncis111/(Bob Marley) created a /obj/item/weapon/chem_grenade
ADMIN: Electroncis111/(Bob Marley) created a /obj/item/weapon/screwdriver
ADMIN: Electroncis111/(Bob Marley) created a /obj/item/assembly/time_ignite
ACCESS: Logout: Electroncis111/(Bob Marley)


Starting up. 20:00.20
---------------------

ADMIN: Loading jobban_rank
ADMIN: jobban_keylist was empty
ADMIN: Updating jobbanfile!
ADMIN: Loading goon_keylist
ADMIN: goon_keylist was empty
ADMIN: Loading Banlist
ACCESS: Login: Electroncis111/(Electroncis111) from localhost
ACCESS: Logout: *no client*/(Electroncis111)
ACCESS: Login: Electroncis111/(Bob Marley) from localhost
ACCESS: Logout: Electroncis111/(Bob Marley)


Starting up. 20:17.02
---------------------

ADMIN: Loading jobban_rank
ADMIN: jobban_keylist was empty
ADMIN: Updating jobbanfile!
ADMIN: Loading goon_keylist
ADMIN: goon_keylist was empty
ADMIN: Loading Banlist
ACCESS: Login: Electroncis111/(Electroncis111) from localhost
ADMIN: Electroncis111 has started the game.
ACCESS: Logout: *no client*/(Electroncis111)
ACCESS: Login: Electroncis111/(Bob Marley) from localhost
ADMIN: Electroncis111/(Bob Marley) jumped to *no client*/(monkey (951))
ADMIN: Electroncis111/(Bob Marley) created a /obj/item/weapon/chem_grenade
ADMIN: Electroncis111/(Bob Marley) created a /obj/item/weapon/chem_grenade
ADMIN: Electroncis111/(Bob Marley) created a /obj/item/assembly/time_ignite
ADMIN: Electroncis111/(Bob Marley) created a /obj/item/weapon/screwdriver
ACCESS: Logout: Electroncis111/(Bob Marley)


Starting up. 20:31.26
---------------------

ADMIN: Loading jobban_rank
ADMIN: jobban_keylist was empty
ADMIN: Updating jobbanfile!
ADMIN: Loading goon_keylist
ADMIN: goon_keylist was empty
ADMIN: Loading Banlist
ACCESS: Login: Electroncis111/(Electroncis111) from 127.0.0.1
ADMIN: Electroncis111 has started the game.
ACCESS: Logout: *no client*/(Electroncis111)
ACCESS: Login: Electroncis111/(Bob Marley) from 127.0.0.1
ADMIN: Electroncis111/(Bob Marley) jumped to *no client*/(monkey (857))
ACCESS: Logout: Electroncis111/(Bob Marley)


Starting up. 20:49.42
---------------------

ADMIN: Loading jobban_rank
ADMIN: jobban_keylist was empty
ADMIN: Updating jobbanfile!
ADMIN: Loading goon_keylist
ADMIN: goon_keylist was empty
ADMIN: Loading Banlist
ACCESS: Login: Electroncis111/(Electroncis111) from 127.0.0.1
ADMIN: Electroncis111 has started the game.
ACCESS: Logout: *no client*/(Electroncis111)
ACCESS: Login: Electroncis111/(Bob Marley) from 127.0.0.1
ADMIN: Electroncis111/(Bob Marley) jumped to *no client*/(monkey (769))
ACCESS: Logout: Electroncis111/(Bob Marley)
