

Starting up. 18:27.33
---------------------

ADMIN: Loading jobban_rank
ADMIN: jobban_keylist was empty
ADMIN: Updating jobbanfile!
ADMIN: Loading goon_keylist
ADMIN: goon_keylist was empty
ADMIN: Loading Banlist
ACCESS: Login: Electroncis111/(Electroncis111) from 127.0.0.1
ACCESS: Login: Abi79/(Abi79) from 79.116.59.88
OOC: Electroncis111/Electroncis111 : ok one
ACCESS: Logout: *no client*/(Abi79)
ACCESS: Login: Abi79/(observer) from 79.116.59.88
ADMIN: Electroncis111/(Electroncis111) set the mode as sandbox.
ACCESS: Logout: *no client*/(Electroncis111)
ACCESS: Login: Electroncis111/(Dave Smith) from 127.0.0.1
OOC: Dave Smith/Electroncis111 : phew
OOC: Dave Smith/Electroncis111 : that was close
OOC: Dave Smith/Electroncis111 : you&#39;re a ghost?
ACCESS: Logout: Abi79/(Taylor Bynum)
ACCESS: Login: Icenisse/(Icenisse) from 83.226.40.124
OOC: Icenisse/Icenisse : hai
OOC: Dave Smith/Electroncis111 : ah yes
OOC: Dave Smith/Electroncis111 : hai
OOC: Dave Smith/Electroncis111 : I changed the mode within 2 seconds of the round starting :P
OOC: Icenisse/Icenisse : :P
ADMIN: Electroncis111/(Dave Smith) created a /obj/item/clothing/ears/earmuffs
ADMIN: Electroncis111/(Dave Smith) created a /obj/item/clothing/glasses/thermal
ACCESS: Logout: *no client*/(Icenisse)
ACCESS: Login: Icenisse/(Nina noone) from 83.226.40.124
ADMIN: Electroncis111/(Dave Smith) created a /obj/item/clothing/suit/armor/heavy
OOC: Nina noone/Icenisse : ooh this old map
ADMIN: Electroncis111/(Dave Smith) created a /obj/item/clothing/shoes/galoshes
OOC: Dave Smith/Electroncis111 : yeah ld goon map
OOC: Nina noone/Icenisse : haha and old walls
OOC: Dave Smith/Electroncis111 : hmph
OOC: Nina noone/Icenisse : wait relogging
ACCESS: Logout: Icenisse/(Nina noone)
ACCESS: Login: Icenisse/(Nina noone) from 83.226.40.124
OOC: Nina noone/Icenisse : woo sandbox panel
ADMIN: Electroncis111/(Dave Smith) created a /obj/item/weapon/gun/energy/teleport_gun
SAY: Dave Smith/Electroncis111 : ; I&#39;m on the engine
ADMIN: Electroncis111/(Dave Smith) created a /obj/item/weapon/tank/jetpack
OOC: Nina noone/Icenisse : can I be a peacekeeper here?
OOC: Dave Smith/Electroncis111 : sure
OOC: Dave Smith/Electroncis111 : I don&#39;t partciularaly care
OOC: Dave Smith/Electroncis111 : I can revive people
OOC: Nina noone (as Alpha)/Icenisse : hehe
OOC: Nina noone (as Alpha)/Icenisse : a peacekeepers job isent to kill people
SAY: Alpha/Icenisse : hmm
SAY: Alpha/Icenisse : woo
ADMIN: Electroncis111/(Dave Smith) created a /obj/item/weapon/cloaking_device
OOC: Dave Smith/Electroncis111 : I&#39;ll show you a scret room
OOC: Dave Smith/Electroncis111 : I know you can spawn the stuff, but if I host it will be there
OOC: Dave Smith/Electroncis111 : meet me outide medbay
OOC: Alpha/Icenisse : okay
SAY: Dave Smith/Electroncis111 : follow me
SAY: Dave Smith/Electroncis111 : uh oh
SAY: Alpha/Icenisse : ooh
ADMIN: Electroncis111/(Dave Smith) created a /obj/item/weapon/crowbar
SAY: Alpha/Icenisse : hmm
SAY: Alpha/Icenisse : hmm
SAY: Dave Smith/Electroncis111 : oh
SAY: Alpha/Icenisse : wow
SAY: Dave Smith/Electroncis111 : it was teh hidden thing
ADMIN: Electroncis111/(Dave Smith) deleted the crowbar at (120,142,1)
SAY: Dave Smith/Electroncis111 : yeah
SAY: Dave Smith/Electroncis111 : hidden room
SAY: Dave Smith/Electroncis111 : I got bored mapping one day
SAY: Alpha/Icenisse : did you make this?
SAY: Dave Smith/Electroncis111 : yep
SAY: Dave Smith/Electroncis111 : well on the map
SAY: Alpha/Icenisse : cool
SAY: Dave Smith/Electroncis111 : not spawning
SAY: Dave Smith/Electroncis111 : *grin
SAY: Alpha/Icenisse : hmm
SAY: Dave Smith/Electroncis111 : so yeah
SAY: Alpha/Icenisse : there
SAY: Dave Smith/Electroncis111 : shhhhhh
SAY: Alpha/Icenisse : poof!
SAY: Alpha/Icenisse : cool
SAY: Dave Smith/Electroncis111 : also flashbangs and stuff
SAY: Dave Smith/Electroncis111 : hehe
SAY: Alpha/Icenisse : hehe
ADMIN: Electroncis111/(Dave Smith) healed / revived Icenisse/(Nina noone)
SAY: Dave Smith/Electroncis111 : MAGIC
SAY: Alpha/Icenisse : yeah
SAY: Dave Smith/Electroncis111 : I don&#39;t think incendry works
SAY: Dave Smith/Electroncis111 : flashbangs and smoke and mustard do
SAY: Alpha/Icenisse : does this map got any
SAY: Alpha/Icenisse : uhm
SAY: Alpha/Icenisse : doors to space?
SAY: Dave Smith/Electroncis111 : somewhere
SAY: Alpha/Icenisse : what does this do?
SAY: Dave Smith/Electroncis111 : try what you want
SAY: Dave Smith/Electroncis111 : try what you want
SAY: Alpha/Icenisse : is the SWAT mask only for looks?
SAY: Dave Smith/Electroncis111 : I think so
SAY: Dave Smith/Electroncis111 : not sure
SAY: Alpha/Icenisse : aww
SAY: Alpha/Icenisse : hmm
SAY: Dave Smith/Electroncis111 : we&#39;re the only people on here
SAY: Alpha/Icenisse : hmm
SAY: Alpha/Icenisse : ooh
SAY: Dave Smith/Electroncis111 : yeah
SAY: Dave Smith/Electroncis111 : there&#39;s less there
SAY: Dave Smith/Electroncis111 : hmm
SAY: Alpha/Icenisse : I used to play on this map with another guy
SAY: Alpha/Icenisse : we played sandbox
SAY: Dave Smith/Electroncis111 : eh?
OOC: Dave Smith/Electroncis111 : lol
SAY: Alpha/Icenisse : hmm
SAY: Alpha/Icenisse : uh
SAY: Alpha/Icenisse : I&#39;m deaf?
OOC: Dave Smith/Electroncis111 : earmuf are uselful
SAY: Alpha/Icenisse : for flashbangs?
SAY: Dave Smith/Electroncis111 : yeah
SAY: Alpha/Icenisse : haha
SAY: Dave Smith/Electroncis111 : stop you going deaf
ADMIN: Electroncis111/(Dave Smith) modified Dave Smith's x to 118
SAY: Dave Smith/Electroncis111 : MAGIC
SAY: Alpha/Icenisse : I&#39;ll go to the chapel
SAY: Dave Smith/Electroncis111 : k
OOC: Alpha/Icenisse : the massdriver shoots you to another place on the ship
OOC: Dave Smith/Electroncis111 : oh the say oi
SAY: Alpha/Icenisse : I see you!
ADMIN: Electroncis111/(Dave Smith) healed / revived Electroncis111/(Dave Smith)
SAY: Alpha/Icenisse : hehe
OOC: Dave Smith/Electroncis111 : the thingy staion
OOC: Alpha/Icenisse : I&#39;ll build my own station over there
ADMIN: Electroncis111/(Dave Smith) created a /obj/item/clothing/suit/space
ADMIN: Electroncis111/(Dave Smith) created a /obj/item/weapon/tank/jetpack
OOC: Dave Smith/Electroncis111 : I like the admin spawn panel
SAY: Alpha/Icenisse : WOO
OOC: Alpha/Icenisse : I can haz admin?
OOC: Dave Smith/Electroncis111 : maybes
OOC: Alpha/Icenisse : pweeeaase
OOC: Alpha/Icenisse : *puppeh eyez*
ADMIN: Electroncis111/(Dave Smith) has made Icenisse a Shit Guy
OOC: Alpha/Icenisse : what
OOC: Dave Smith/Electroncis111 : shit guy!
OOC: Alpha/Icenisse : shit guy?
OOC: Dave Smith/Electroncis111 : goons and their ranks
OOC: Alpha/Icenisse : *sigh
OOC: Dave Smith/Electroncis111 : under game panel
OOC: Dave Smith/Electroncis111 : create object
OOC: Dave Smith/Electroncis111 : you just type what you want
OOC: Dave Smith/Electroncis111 : so shall we make this station a fully functioning station?
OOC: Alpha/Icenisse : nah
OOC: Alpha/Icenisse : or maybe
OOC: Alpha/Icenisse : I just wants something
OOC: Dave Smith/Electroncis111 : I don&#39;t care if you grief me
OOC: Dave Smith/Electroncis111 : oooo the kick mine
ADMIN: Electroncis111/(Jetpack (Oxygen)) jumped to Icenisse/(Nina noone)
SAY: Dave Smith/Electroncis111 : boo
SAY: Alpha/Icenisse : hai
SAY: Dave Smith/Electroncis111 : I&#39;mma going to the maze
OOC: Unknown/Electroncis111 : fail
OOC: Alpha/Icenisse : what?
OOC: Unknown/Electroncis111 : maze ain&#39;t working
OOC: Dave Smith/Electroncis111 : oh and you should be able to send yourself back to the station: rightclick - &gt; send mob
ADMIN: Electroncis111/(Jetpack (Oxygen)) teleported Electroncis111/(Jetpack (Oxygen)) to Syndicate Station
ADMIN: Electroncis111/(Jetpack (Oxygen)) teleported Electroncis111/(Jetpack (Oxygen)) to Aft Primary Hallway
ADMIN: Electroncis111/(Jetpack (Oxygen)) teleported Electroncis111/(Jetpack (Oxygen)) to Wizard's Den
ADMIN: Electroncis111/(Jetpack (Oxygen)) teleported Electroncis111/(Jetpack (Oxygen)) to Abandoned ship
OOC: Dave Smith/Electroncis111 : cool
OOC: Alpha/Icenisse : huh?
OOC: Dave Smith/Electroncis111 : I found anouther abandoned ship
ADMIN: Electroncis111/(Jetpack (Oxygen)) modified Dave Smith's see_in_dark to 9
ADMIN: Electroncis111/(Jetpack (Oxygen)) modified Dave Smith's x to 127
ADMIN: Electroncis111/(Jetpack (Oxygen)) created a /obj/item/weapon/crowbar
ADMIN: Electroncis111/(Jetpack (Oxygen)) teleported Electroncis111/(Jetpack (Oxygen)) to Derelict Teleporter
ADMIN: Electroncis111/(Jetpack (Oxygen)) deleted the r wall at (72,80,4)
OOC: Dave Smith/Electroncis111 : ok maybe you might get a bit of lag, I&#39;m opening the map up
OOC: Dave Smith/Electroncis111 : or not :)
ADMIN: Electroncis111/(Jetpack (Oxygen)) has turned stealth mode ON
ADMIN: Electroncis111/(Jetpack (Oxygen)) has turned stealth mode OFF
ADMIN: Electroncis111/(Jetpack (Oxygen)) : whoops
ADMIN: Electroncis111/(Jetpack (Oxygen)) created a /obj/item/device/radio/beacon
OOC: Alpha/Icenisse : how do I remove lattice in space?
OOC: Dave Smith/Electroncis111 : umm welder I think
OOC: Dave Smith/Electroncis111 : or if you&#39;re lazy right click - &gt; delete
OOC: Alpha/Icenisse : it was welder
SAY: Alpha/Icenisse : hai
SAY: Dave Smith/Electroncis111 : teleporter is down there
SAY: Dave Smith/Electroncis111 : oh shit
SAY: Dave Smith/Electroncis111 : why am I called that
SAY: Alpha/Icenisse : haha
SAY: Alpha/Icenisse : you notice that NOW?
SAY: Dave Smith/Electroncis111 : maybe
ADMIN: Electroncis111/(Dave SMith) modified Dave Smith's real_name to Dave SMith
SAY: Dave Smith/Electroncis111 : dammit caps
SAY: Alpha/Icenisse : haha
ADMIN: Electroncis111/(Dave Smith) modified Dave Smith's real_name to Dave Smith
SAY: Dave Smith/Electroncis111 : there we go
SAY: Dave Smith/Electroncis111 : I know my variables
SAY: Alpha/Icenisse : you wanna be peacekeeper too?
SAY: Dave Smith/Electroncis111 : nah
SAY: Dave Smith/Electroncis111 : I&#39;ll be captain
SAY: Dave Smith/Electroncis111 : as I am
SAY: Alpha/Icenisse : *smile
SAY: Dave Smith/Electroncis111 : do you want a teleporter here?
SAY: Alpha/Icenisse : not here
SAY: Alpha/Icenisse : in another room
SAY: Dave Smith/Electroncis111 : k
SAY: Dave Smith/Electroncis111 : I&#39;ll try setting one up elsewhere
ADMIN: Electroncis111/(Dave Smith) created a /obj/machinery/computer/teleporter
ADMIN: Electroncis111/(Dave Smith) deleted Teleporter at (113,140,4)
ADMIN: Electroncis111/(Dave Smith) created a /obj/machinery/computer/teleporter
ADMIN: Electroncis111/(Dave Smith) created a /obj/machinery/teleport/station
ADMIN: Electroncis111/(Dave Smith) created a /obj/machinery/teleport/hub
SAY: Dave Smith/Electroncis111 : ; we&#39;re not on the station
ADMIN: Icenisse/(Nina noone) deleted the grille at (91,125,4)
OOC: Dave Smith/Electroncis111 : cool I got tele working
OOC: Dave Smith/Electroncis111 : brb doind stuff
OOC: Alpha/Icenisse : cool
ADMIN: Icenisse/(Nina noone) created 9ea /obj/item/weapon/rcd_ammo
OOC: Alpha/Icenisse : what does the A/R mean in the create object game panel mean?
ADMIN: Icenisse/(Nina noone) created 9ea /obj/item/weapon/rcd_ammo
OOC: Alpha/Icenisse : also, I cant get it to work
ADMIN: Icenisse/(Nina noone) deleted the lattice at (90,119,4)
OOC: Dave Smith/Electroncis111 : back
OOC: Dave Smith/Electroncis111 : what what?
OOC: Dave Smith/Electroncis111 : ummm dunno
OOC: Alpha/Icenisse : ohai
OOC: Alpha/Icenisse : aww
ACCESS: Login: Mloc/(Mloc) from 109.77.61.66
OOC: Dave Smith/Electroncis111 : you can&#39;t spawninfrom the game panel?
OOC: Alpha/Icenisse : no
OOC: Mloc/Mloc : Why hello
ADMIN: Electroncis111/(Dave Smith) has made Icenisse a Coder
OOC: Alpha/Icenisse : woo you came!
OOC: Dave Smith/Electroncis111 : hai
ADMIN: Electroncis111/(Dave Smith) deleted Jetpack (Oxygen) at (114,141,4)
ADMIN: Electroncis111/(Dave Smith) created a /obj/item/weapon/tank/jetpack
OOC: Alpha/Icenisse : by the way where can I find insulated gloves in spawn object in sandbox panel?
SAY: Dave Smith/Electroncis111 : going red are we?
SAY: Alpha/Icenisse : hai
SAY: Alpha/Icenisse : yep
SAY: Alpha/Icenisse : this is my room!
OOC: Dave Smith/Electroncis111 : yellow gloves
OOC: Mloc/Mloc : Search for it, /gloves/yellow
OOC: Alpha/Icenisse : ooh
ACCESS: Logout: *no client*/(Mloc)
ACCESS: Login: Mloc/(Endok Iron) from 109.77.61.66
OOC: Dave Smith/Electroncis111 : we&#39;re all at derelict station
OOC: Dave Smith/Electroncis111 : all 2 of us
SAY: Dave Smith/Electroncis111 : want the teleporter in here?
OOC: Endok Iron/Mloc : You didn&#39;t manage the power though D:
OOC: Dave Smith/Electroncis111 : eh?
OOC: Dave Smith/Electroncis111 : oh the engine
SAY: Alpha/Icenisse : no
OOC: Dave Smith/Electroncis111 : one mo
OOC: Endok Iron/Mloc : I&#39;m stuck on the arrival shuttle
SAY: Dave Smith/Electroncis111 : I&#39;ll be back
SAY: Alpha/Icenisse : okay
ADMIN: Electroncis111/(Dave Smith) teleported Electroncis111/(Dave Smith) to Engine Hallway
OOC: Endok Iron/Mloc : The engine does NOT work on this map
OOC: Dave Smith/Electroncis111 : engine on and working
OOC: Alpha/Icenisse : I love the way the disposal unit works in space
OOC: Endok Iron/Mloc : Adminspawn me a crowbar please :3
OOC: Alpha/Icenisse : just throw it random way!
ADMIN: Electroncis111/(Dave Smith) teleported Electroncis111/(Dave Smith) to Arrival Shuttle Hallway
ADMIN: Electroncis111/(Dave Smith) jumped to Mloc/(Endok Iron)
SAY: Dave Smith/Electroncis111 : you reliase it is sandbox?
SAY: Endok Iron/Mloc : Oh
OOC: Endok Iron/Mloc : Ow
ADMIN: Electroncis111/(Dave Smith) created a /obj/item/weapon/crowbar
ACCESS: Logout: Mloc/(Endok Iron)
ACCESS: Login: Mloc/(Endok Iron) from 109.77.61.66
SAY: Dave Smith/Electroncis111 : we&#39;re at derelict
OOC: Endok Iron/Mloc : Sure
SAY: Dave Smith/Electroncis111 : do&#39;ya want me yto send you there?
SAY: Endok Iron/Mloc : Get a beacon there please
SAY: Dave Smith/Electroncis111 : there is
SAY: Dave Smith/Electroncis111 : ; there is and set up
OOC: Endok Iron/Mloc : Ah
OOC: Endok Iron/Mloc : And back
OOC: Endok Iron/Mloc : ?
SAY: Dave Smith/Electroncis111 : ; meet you threre Endok
ADMIN: Electroncis111/(Dave Smith) teleported Electroncis111/(Dave Smith) to Teleporter
SAY: Endok Iron/Mloc : ;Sure
SAY: Dave Smith/Electroncis111 : what took you so long?!
SAY: Dave Smith/Electroncis111 : oh dammit wrong one
SAY: Endok Iron/Mloc : ;Sigh
ADMIN: Electroncis111/(Dave Smith) teleported Mloc/(Endok Iron) to Teleporter
ADMIN: Electroncis111/(Dave Smith) teleported Electroncis111/(Dave Smith) to Teleporter
OOC: Dave Smith/Electroncis111 : oh perhaps I didn&#39;t
ADMIN: Electroncis111/(Dave Smith) teleported Electroncis111/(Dave Smith) to Derelict Crew Quarters
OOC: Dave Smith/Electroncis111 : I&#39;ll get yu here/there
ADMIN: Electroncis111/(Dave Smith) teleported Electroncis111/(Dave Smith)
ADMIN: Electroncis111/(Dave Smith) jumped to Mloc/(Endok Iron)
ADMIN: Electroncis111/(Dave Smith) teleported Mloc/(Endok Iron) to Derelict Crew Quarters
ADMIN: Electroncis111/(Dave Smith) jumped to Mloc/(Endok Iron)
OOC: Endok Iron/Mloc : Ah, you are fixing it
SAY: Dave Smith/Electroncis111 : ; k I&#39;m gettingh a beacon here
ADMIN: Electroncis111/(Dave Smith) created a /obj/item/device/radio/beacon
SAY: Dave Smith/Electroncis111 : done
SAY: Dave Smith/Electroncis111 : shit shit
ADMIN: Icenisse/(Nina noone) deleted the grille at (91,125,4)
ADMIN: Electroncis111/(Dave Smith) teleported Electroncis111/(Dave Smith) to Teleporter
SAY: Dave Smith/Electroncis111 : ; teleporters set up
SAY: Alpha/Icenisse : hai
SAY: Dave Smith/Electroncis111 : hai
SAY: Alpha/Icenisse : I&#39;m doing the teleporter room now
SAY: Dave Smith/Electroncis111 : cool
SAY: Dave Smith/Electroncis111 : I&#39;ll stock it up with tele things
ACCESS: Logout: Mloc/(Endok Iron)
SAY: Dave Smith/Electroncis111 : do you want a pile of rcd ammo?
SAY: Alpha/Icenisse : yeah please
ADMIN: Electroncis111/(Dave Smith) created 15ea /obj/item/weapon/rcd_ammo
SAY: Dave Smith/Electroncis111 : there we go
SAY: Alpha/Icenisse : woo!
SAY: Dave Smith/Electroncis111 : I can set the access of the doors as well if you want
SAY: Alpha/Icenisse : nah
SAY: Alpha/Icenisse : it dosent matter
SAY: Alpha/Icenisse : there
ADMIN: Electroncis111/(Dave Smith) modified Airlock's req_access_txt to 19
SAY: Dave Smith/Electroncis111 : k
ADMIN: Electroncis111/(Dave Smith) created a /obj/machinery/computer/teleporter
SAY: Alpha/Icenisse : teleporter here ktnx
ADMIN: Electroncis111/(Dave Smith) created a /obj/machinery/teleport/station
ADMIN: Electroncis111/(Dave Smith) created a /obj/machinery/teleport/hub
SAY: Alpha/Icenisse : how do you spawn everything so fast?!
ADMIN: Electroncis111/(Dave Smith) created a /obj/item/device/radio/beacon
SAY: Dave Smith/Electroncis111 : admin spawn
SAY: Alpha/Icenisse : but so fast...
SAY: Dave Smith/Electroncis111 : you learn with admin experinace
SAY: Alpha/Icenisse : hmpf
SAY: Dave Smith/Electroncis111 : space is yours
SAY: Alpha/Icenisse : ooh
SAY: Alpha/Icenisse : yay
SAY: Alpha/Icenisse : also
SAY: Dave Smith/Electroncis111 : cool
SAY: Alpha/Icenisse : if I have this floor
SAY: Alpha/Icenisse : and click with a floor tile
SAY: Dave Smith/Electroncis111 : it don&#39;t work
SAY: Alpha/Icenisse : I would get the gray floor, right?
SAY: Alpha/Icenisse : yeah I&#39;ve noticed
SAY: Dave Smith/Electroncis111 : this is the floor
SAY: Dave Smith/Electroncis111 : do&#39;ya want me to change it?
SAY: Alpha/Icenisse : it would be nice
SAY: Dave Smith/Electroncis111 : only in small rooms though
SAY: Dave Smith/Electroncis111 : which ones do you want?
SAY: Alpha/Icenisse : do it in my room
SAY: Dave Smith/Electroncis111 : k
SAY: Dave Smith/Electroncis111 : I have lots of different styles
SAY: Alpha/Icenisse : oh?
SAY: Dave Smith/Electroncis111 : yeah
SAY: Dave Smith/Electroncis111 : umm lemme do a selection thingy
SAY: Dave Smith/Electroncis111 : I&#39;ll fo it back on the station
ADMIN: Electroncis111/(Dave Smith) modified floor's icon_state to shiny
SAY: Alpha/Icenisse : ugleh
ADMIN: Electroncis111/(Dave Smith) modified floor's icon_state to white
ADMIN: Icenisse/(Nina noone) : do you have that cafe style?
SAY: Alpha/Icenisse : oops
ADMIN: Electroncis111/(Dave Smith) modified floor's icon_state to whiteshiny
ADMIN: Icenisse/(Nina noone) : huh?
ADMIN: Electroncis111/(Dave Smith) : ummm as in..
ADMIN: Icenisse/(Nina noone) : oh cool admin style
ADMIN: Electroncis111/(Dave Smith) modified floor's icon_state to cafeteria
SAY: Alpha/Icenisse : uuuhm
SAY: Dave Smith/Electroncis111 : as in that?
SAY: Alpha/Icenisse : wait
SAY: Alpha/Icenisse : yesh!
SAY: Alpha/Icenisse : that one
ADMIN: Electroncis111/(Dave Smith) modified floor's icon_state to bar
ADMIN: Electroncis111/(Dave Smith) modified floor's icon_state to black
SAY: Dave Smith/Electroncis111 : k I have grass?
SAY: Alpha/Icenisse : nah
SAY: Dave Smith/Electroncis111 : k
SAY: Alpha/Icenisse : in here
SAY: Alpha/Icenisse : cafe
SAY: Dave Smith/Electroncis111 : you have to chose the one with the longest name :P
SAY: Alpha/Icenisse : *smile
ADMIN: Electroncis111/(Dave Smith) modified floor's icon_state to cafeteria
ADMIN: Electroncis111/(Dave Smith) modified floor's icon_state to cafeteria
ADMIN: Electroncis111/(Dave Smith) modified floor's icon_state to cafeteria
SAY: Alpha/Icenisse : do you have to do every tile manually? :O
ADMIN: Electroncis111/(Dave Smith) modified floor's icon_state to cafeteria
SAY: Dave Smith/Electroncis111 : yas
SAY: Alpha/Icenisse : wow
ADMIN: Electroncis111/(Dave Smith) modified floor's icon_state to cafeteria
SAY: Alpha/Icenisse : thanks alot then
ADMIN: Electroncis111/(Dave Smith) modified floor's icon_state to cafeteria
ADMIN: Electroncis111/(Dave Smith) modified floor's icon_state to cafeteria
ADMIN: Electroncis111/(Dave Smith) modified floor's icon_state to cafeteria
ADMIN: Electroncis111/(Dave Smith) modified floor's icon_state to cafeteria
ADMIN: Electroncis111/(Dave Smith) modified floor's icon_state to cafeteria
ADMIN: Electroncis111/(Dave Smith) modified floor's icon_state to cafeteria
SAY: Alpha/Icenisse : can I do that too?
ADMIN: Electroncis111/(Dave Smith) modified floor's icon_state to cafeteria
SAY: Dave Smith/Electroncis111 : sure
SAY: Alpha/Icenisse : show how!
SAY: Dave Smith/Electroncis111 : right click - &gt; edit variables - &gt; icon_state - &gt; ok - &gt; ok - &gt; cafeteria
ADMIN: SubtlePM: Icenisse/(Nina noone) -> Electroncis111/(Dave Smith) : you must give Alpha the highest admin rank....
ADMIN: Electroncis111/(Dave Smith) : I have
ADMIN: Electroncis111/(Dave Smith) has made Icenisse a Coder
ADMIN: Electroncis111/(Dave Smith) has made Icenisse a Coder
ADMIN: Electroncis111/(Dave Smith) has made Icenisse a Coder
ADMIN: Electroncis111/(Dave Smith) has made Icenisse a Coder
SAY: Dave Smith/Electroncis111 : hmm
ADMIN: Electroncis111/(Dave Smith) modified floor's icon_state to cafeteria
ADMIN: Electroncis111/(Dave Smith) modified floor's icon_state to cafeteria
ADMIN: Electroncis111/(Dave Smith) modified floor's icon_state to cafeteria
ADMIN: Electroncis111/(Dave Smith) modified floor's icon_state to cafeteria
ADMIN: Electroncis111/(Dave Smith) modified floor's icon_state to cafeteria
ADMIN: Icenisse/(Nina noone) modified floor's icon_state to 
ADMIN: Electroncis111/(Dave Smith) modified floor's icon_state to cafeteria
SAY: Alpha/Icenisse : hmm
SAY: Alpha/Icenisse : at least I got out of it
SAY: Dave Smith/Electroncis111 : then you have to type in cafeteria
SAY: Alpha/Icenisse : I did but it didnt find any
SAY: Dave Smith/Electroncis111 : do it again, but with that list
SAY: Dave Smith/Electroncis111 : wher it has text,, number, icon...
SAY: Dave Smith/Electroncis111 : leave it as text and click ok
SAY: Dave Smith/Electroncis111 : then type in cafeteria
ADMIN: Electroncis111/(Dave Smith) modified floor's icon_state to cafeteria
ADMIN: Icenisse/(Nina noone) modified floor's icon_state to cafeteria
SAY: Alpha/Icenisse : woo!
SAY: Dave Smith/Electroncis111 : there you go
SAY: Alpha/Icenisse : yay imma admin!
ADMIN: Electroncis111/(Dave Smith) modified floor's icon_state to cafeteria
SAY: Dave Smith/Electroncis111 : now you have to do it FAST
ADMIN: Electroncis111/(Dave Smith) modified floor's icon_state to cafeteria
ADMIN: Electroncis111/(Dave Smith) modified floor's icon_state to cafeteria
ADMIN: Electroncis111/(Dave Smith) modified floor's icon_state to cafeteria
ADMIN: Icenisse/(Nina noone) modified Canister [Air]'s icon_state to cafeteria
ADMIN: Electroncis111/(Dave Smith) modified floor's icon_state to cafeteria
SAY: Dave Smith/Electroncis111 : haha
SAY: Alpha/Icenisse : hehe
SAY: Alpha/Icenisse : a little faily
SAY: Dave Smith/Electroncis111 : I&#39;ll leave you to do that
SAY: Dave Smith/Electroncis111 : last one
ADMIN: Icenisse/(Nina noone) modified floor's icon_state to cafeteria
SAY: Alpha/Icenisse : thanks
SAY: Alpha/Icenisse : do you want a room too?
SAY: Dave Smith/Electroncis111 : no problemmo
SAY: Dave Smith/Electroncis111 : don&#39;t rry I have one on the main station
SAY: Alpha/Icenisse : okay
SAY: Dave Smith/Electroncis111 : oh that&#39;s the floor
ADMIN: Electroncis111/(Dave Smith) created a /obj/item/device/chameleon
SAY: Dave Smith/Electroncis111 : magic
SAY: Dave Smith/Electroncis111 : dun dun dun
SAY: Alpha/Icenisse : hehe
SAY: Dave Smith/Electroncis111 : chamelian
SAY: Dave Smith/Electroncis111 : lol
OOC: Alpha/Icenisse : I g2g
OOC: Dave Smith/Electroncis111 : :(
SAY: Alpha/Icenisse : bai
OOC: Dave Smith/Electroncis111 : server has to
OOC: Dave Smith/Electroncis111 : as well
SAY: Alpha/Icenisse : *cry
SAY: Dave Smith/Electroncis111 : well we learnt alot
OOC: Alpha/Icenisse : well it was a fun round
SAY: Alpha/Icenisse : yep
OOC: Dave Smith/Electroncis111 : yep
OOC: Alpha/Icenisse : WAIT
OOC: Dave Smith/Electroncis111 : must do it again sometime
SAY: Alpha/Icenisse : wait
OOC: Dave Smith/Electroncis111 : what what
SAY: Alpha/Icenisse : wanna do one thing
OOC: Dave Smith/Electroncis111 : pics?
ACCESS: Logout: *no client*/(Dave Smith)
ACCESS: Login: Electroncis111/(Dave Smith) from 127.0.0.1
OOC: Dave Smith/Electroncis111 : if you taking pics, observere
OOC: Dave Smith/Electroncis111 : much easier :P
OOC: Dave Smith/Electroncis111 : what the
ACCESS: Logout: *no client*/(Dave Smith)
ACCESS: Login: Electroncis111/(Dave Smith) from 127.0.0.1
ACCESS: Logout: *no client*/(Dave Smith)
ACCESS: Login: Electroncis111/(Dave Smith) from 127.0.0.1
SAY: Alpha/Icenisse : teehee
ADMIN: Electroncis111/(Dave Smith) healed / revived *no client*/(Dave Smith)
OOC: Alpha/Icenisse : exploding radio!
OOC: Alpha/Icenisse : and whoa
OOC: Dave Smith/Electroncis111 : yeah
OOC: Alpha/Icenisse : THAT bomb was fun!
SAY: Alpha/Icenisse : cool
OOC: Dave Smith/Electroncis111 : wait!
SAY: Alpha/Icenisse : cool
SAY: Alpha/Icenisse : oshit I&#39;m deaf!
SAY: Alpha/Icenisse : AGAIN
ADMIN: Electroncis111/(Dave Smith) used secret list_bombers
ADMIN: Electroncis111/(Dave Smith) used secret sec_all_clothes
SAY: Ghost/Electroncis111 : hehe
OOC: Dave Smith/Electroncis111 : hehe
SAY: Nina noone/Icenisse : thanks
ACCESS: Logout: *no client*/(Nina noone)
ACCESS: Login: Icenisse/(Nina noone) from 83.226.40.124
ADMIN: Electroncis111/(Dave Smith) used secret clear_bombs
SAY: Ghost/Icenisse : hehe
SAY: Ghost/Icenisse : secret?
OOC: Dave Smith/Electroncis111 : woah
SAY: Ghost/Electroncis111 : yas
OOC: Nina noone/Icenisse : also
ADMIN: Electroncis111/(Dave Smith) used secret fakeguns
OOC: Nina noone/Icenisse : YAY MY BODY EXPLODED
OOC: Dave Smith/Electroncis111 : hehe
OOC: Dave Smith/Electroncis111 : look at the icons
ADMIN: Electroncis111/(Dave Smith) used secret schoolgirl
OOC: Nina noone/Icenisse : uh-huh...
OOC: Dave Smith/Electroncis111 : ok going down!
OOC: Dave Smith/Electroncis111 : see ya!
OOC: Nina noone/Icenisse : bai!
ACCESS: Logout: Electroncis111/(Dave Smith)
OOC: Nina noone/Icenisse : cya
ACCESS: Logout: Icenisse/(Nina noone)
