

Starting up. 21:51.39
---------------------

ADMIN: Loading jobban_rank
ADMIN: jobban_keylist was empty
ADMIN: Updating jobbanfile!
ADMIN: Loading goon_keylist
ADMIN: goon_keylist was empty
ADMIN: Loading Banlist
ACCESS: Login: Electroncis111/(Electroncis111) from 127.0.0.1
ACCESS: Logout: Electroncis111/(Electroncis111)


Starting up. 21:57.27
---------------------

ADMIN: Loading jobban_rank
ADMIN: jobban_keylist was empty
ADMIN: Updating jobbanfile!
ADMIN: Loading goon_keylist
ADMIN: goon_keylist was empty
ADMIN: Loading Banlist
ACCESS: Login: Electroncis111/(Electroncis111) from 127.0.0.1
ADMIN: Electroncis111 has started the game.
ACCESS: Logout: *no client*/(Electroncis111)
ACCESS: Login: Electroncis111/(Ricardo Dugmore) from 127.0.0.1
ADMIN: Electroncis111/(Ricardo Dugmore) modified Ricardo Dugmore's x to 115
ACCESS: Logout: Electroncis111/(Ricardo Dugmore)
