

Starting up. 13:04.14
---------------------

ADMIN: Loading jobban_rank
ADMIN: jobban_keylist was empty
ADMIN: Updating jobbanfile!
ADMIN: Loading goon_keylist
ADMIN: goon_keylist was empty
ADMIN: Loading Banlist
ACCESS: Login: Electroncis111/(Electroncis111) from 127.0.0.1
ADMIN: Electroncis111 has started the game.
ACCESS: Logout: *no client*/(Electroncis111)
ACCESS: Login: Electroncis111/(Malachi Pritchard) from 127.0.0.1
ACCESS: Logout: Electroncis111/(Malachi Pritchard)


Starting up. 13:08.27
---------------------

ADMIN: Loading jobban_rank
ADMIN: jobban_keylist was empty
ADMIN: Updating jobbanfile!
ADMIN: Loading goon_keylist
ADMIN: goon_keylist was empty
ADMIN: Loading Banlist
ACCESS: Login: Guest-2582427111/(Guest-2582427111) from 127.0.0.1
ACCESS: Logout: Guest-2582427111/(Guest-2582427111)


Starting up. 13:09.34
---------------------

ADMIN: Loading jobban_rank
ADMIN: jobban_keylist was empty
ADMIN: Updating jobbanfile!
ADMIN: Loading goon_keylist
ADMIN: goon_keylist was empty
ADMIN: Loading Banlist
ACCESS: Login: Guest-2582427111/(Guest-2582427111) from 127.0.0.1
ACCESS: Logout: Guest-2582427111/(Guest-2582427111)


Starting up. 13:12.05
---------------------

ADMIN: Loading jobban_rank
ADMIN: jobban_keylist was empty
ADMIN: Updating jobbanfile!
ADMIN: Loading goon_keylist
ADMIN: goon_keylist was empty
ADMIN: Loading Banlist
ACCESS: Login: Electroncis111/(Electroncis111) from 127.0.0.1
ADMIN: Electroncis111 has started the game.
ACCESS: Logout: *no client*/(Electroncis111)
ACCESS: Login: Electroncis111/(Bruce Rose) from 127.0.0.1
ADMIN: Electroncis111/(Bruce Rose) has used boom boom boom shake the room
ADMIN: Electroncis111/(Bruce Rose) has used boom boom boom shake the room
ADMIN: Electroncis111/(Bruce Rose) has used boom boom boom shake the room
ADMIN: Electroncis111/(Bruce Rose) has robotized Electroncis111.
ACCESS: Logout: *no client*/(Bruce Rose)
ACCESS: Login: Electroncis111/(Cyborg) from 127.0.0.1
ACCESS: Logout: *no client*/(Cyborg 391)
ACCESS: Login: Electroncis111/(Cyborg 391) from 127.0.0.1
ACCESS: Logout: Electroncis111/(Cyborg 391)
