

Starting up. 17:23.19
---------------------

ADMIN: Loading jobban_rank
ADMIN: jobban_keylist was empty
ADMIN: Updating jobbanfile!
ADMIN: Loading goon_keylist
ADMIN: goon_keylist was empty
ADMIN: Loading Banlist
ACCESS: Login: Electroncis111/(Electroncis111) from localhost
ADMIN: Electroncis111 has started the game.
ACCESS: Logout: *no client*/(Electroncis111)
ACCESS: Login: Electroncis111/(Bob Marley) from localhost
ADMIN: Electroncis111/(Bob Marley) created a /obj/item/weapon/crowbar
ADMIN: Electroncis111/(Bob Marley) created a /obj/item/weapon/tank/jetpack
ACCESS: Logout: Electroncis111/(Bob Marley)


Starting up. 21:58.54
---------------------

ADMIN: Loading jobban_rank
ADMIN: jobban_keylist was empty
ADMIN: Updating jobbanfile!
ADMIN: Loading goon_keylist
ADMIN: goon_keylist was empty
ADMIN: Loading Banlist
ACCESS: Login: Guest-2582427111/(Guest-2582427111) from localhost
ACCESS: Logout: Guest-2582427111/(Guest-2582427111)


Starting up. 21:59.42
---------------------

ADMIN: Loading jobban_rank
ADMIN: jobban_keylist was empty
ADMIN: Updating jobbanfile!
ADMIN: Loading goon_keylist
ADMIN: goon_keylist was empty
ADMIN: Loading Banlist
ACCESS: Login: Electroncis111/(Electroncis111) from localhost
ADMIN: Electroncis111 has started the game.
ACCESS: Logout: *no client*/(Electroncis111)
ACCESS: Login: Electroncis111/(Bob Marley) from localhost
ACCESS: Logout: Electroncis111/(Bob Marley)
