

Starting up. 17:52.38
---------------------

ADMIN: Loading jobban_rank
ADMIN: jobban_keylist was empty
ADMIN: Updating jobbanfile!
ADMIN: Loading goon_keylist
ADMIN: goon_keylist was empty
ADMIN: Loading Banlist
ACCESS: Login: Electroncis111/(Electroncis111) from 127.0.0.1
ADMIN: Electroncis111/(Electroncis111) set the mode as extended.
ACCESS: Logout: *no client*/(Electroncis111)
ACCESS: Login: Electroncis111/(Bob Marley) from 127.0.0.1
ACCESS: Login: Alfie275/(Alfie275) from 88.111.19.5
ADMIN: Electroncis111/(Bob Marley) created a /obj/item/clothing/ears/earmuffs
ADMIN: Electroncis111/(Bob Marley) created a /obj/item/weapon/flashbang
ADMIN: Electroncis111/(Bob Marley) created a /obj/item/weapon/flashbang
ADMIN: Electroncis111/(Bob Marley) created a /obj/item/weapon/flashbang
ACCESS: Logout: *no client*/(Alfie275)
ACCESS: Login: Alfie275/(Xen) from 88.111.19.5
ADMIN: Electroncis111/(Bob Marley) created a /obj/item/clothing/suit/armor/heavy
OOC: Xen/Alfie275 : Why u no add me as admin?
OOC: Bob Marley/Electroncis111 : u arn&#39;t?
OOC: Bob Marley/Electroncis111 : hmmmm
OOC: Xen/Alfie275 : Nvm
OOC: Bob Marley/Electroncis111 : in admin.txt:   electroncis111 - Host## alfie275 - coder
OOC: Xen/Alfie275 : Where r u?
OOC: Bob Marley/Electroncis111 : my quarters
OOC: Bob Marley/Electroncis111 : what are you?
OOC: Xen/Alfie275 : Captial C?
OOC: Bob Marley/Electroncis111 : ya
ADMIN: Electroncis111/(Bob Marley) jumped to Alfie275/(Xen)
OOC: Xen/Alfie275 : &#34;Coder&#34;
SAY: Bob Marley/Electroncis111 : hi
SAY: Bob Marley/Electroncis111 : try and find the secret room
OOC: Bob Marley/Electroncis111 : no caps
SAY: Bob Marley/Electroncis111 : try and find
OOC: Xen/Alfie275 : This version has new engine?
OOC: Bob Marley/Electroncis111 : hahahahahahahaha
OOC: Bob Marley/Electroncis111 : nope
OOC: Xen/Alfie275 : UR GONE
OOC: Xen/Alfie275 : U A NINJA!
OOC: Xen/Alfie275 : BADMIN RAPE
OOC: Bob Marley/Electroncis111 : no, got from security
OOC: Xen/Alfie275 : HIDE
OOC: Bob Marley/Electroncis111 : SHIT
OOC: Xen/Alfie275 : What?
OOC: Bob Marley/Electroncis111 : flashbanged my self
OOC: Bob Marley/Electroncis111 : where are you?
OOC: Bob Marley/Electroncis111 : hahahaha
OOC: Bob Marley/Electroncis111 : BOOM
OOC: Bob Marley/Electroncis111 : oh for fucks sake
OOC: Xen/Alfie275 : LOLSZER
OOC: Bob Marley/Electroncis111 : me premote you to shit guy?
ADMIN: Electroncis111/(Bob Marley) has made Alfie275 a Shit Guy
ADMIN: Electroncis111/(Bob Marley) jumped to Alfie275/(Xen)
ADMIN: Electroncis111/(Bob Marley) made all areas unpowered
ADMIN: Electroncis111/(Bob Marley) used secret unpower
OOC: Bob Marley/Electroncis111 : whoops
OOC: Xen/Alfie275 : Lag?
OOC: Bob Marley/Electroncis111 : there we go
ADMIN: Alfie275/(Xen) used secret wave
ADMIN: Electroncis111/(Bob Marley) has removed Alfie275's adminship
ADMIN: Electroncis111/(Bob Marley) healed / Rrvived Alfie275/(Xen)
OOC: Bob Marley/Electroncis111 : u found secret place yet?
ADMIN: Electroncis111/(Bob Marley) made all areas powered
ADMIN: Electroncis111/(Bob Marley) used secret power
OOC: Bob Marley/Electroncis111 : LAG COMING
OOC: Bob Marley/Electroncis111 : make everything back on
OOC: Xen/Alfie275 : WHY SO LAGGY?
OOC: Bob Marley/Electroncis111 : will kill in a mo
OOC: Bob Marley/Electroncis111 : there we go
OOC: Bob Marley/Electroncis111 : mad everything powered
OOC: Bob Marley/Electroncis111 : u found room yet?
OOC: Xen/Alfie275 : Wait
OOC: Bob Marley/Electroncis111 : what what?
OOC: Xen/Alfie275 : Can I spawn a item?
ADMIN: Announce: Electroncis111/(Bob Marley) : If you find a secret room in maintenance tunnels you will get a cookie.
ADMIN: Electroncis111/(Bob Marley) has toggled Electroncis111/(Bob Marley)'s nodamage to On
ACCESS: Logout: Alfie275/(Xen)
ADMIN: Electroncis111/(Bob Marley) has toggled Electroncis111/(Bob Marley)'s nodamage to Off
