

Starting up. 16:58.07
---------------------

ADMIN: Loading jobban_rank
ADMIN: jobban_keylist was empty
ADMIN: Updating jobbanfile!
ADMIN: Loading goon_keylist
ADMIN: goon_keylist was empty
ADMIN: Loading Banlist
ACCESS: Login: Guest-2582427111/(Guest-2582427111) from localhost
ACCESS: Logout: Guest-2582427111/(Guest-2582427111)


Starting up. 17:01.28
---------------------

ADMIN: Loading jobban_rank
ADMIN: jobban_keylist was empty
ADMIN: Updating jobbanfile!
ADMIN: Loading goon_keylist
ADMIN: goon_keylist was empty
ADMIN: Loading Banlist
ACCESS: Login: Electroncis111/(Electroncis111) from localhost
ADMIN: Electroncis111 has started the game.
ACCESS: Logout: *no client*/(Electroncis111)
ACCESS: Login: Electroncis111/(Bob Marley) from localhost
ADMIN: Electroncis111/(Bob Marley) created a /obj/machinery/portable_atmospherics/canister/toxins
ADMIN: Electroncis111/(Bob Marley) created a /obj/machinery/portable_atmospherics/canister/toxins
ADMIN: Electroncis111/(Bob Marley) created a /obj/machinery/portable_atmospherics/canister/toxins
ADMIN: Electroncis111/(Bob Marley) created a /obj/machinery/portable_atmospherics/canister/toxins
ADMIN: Electroncis111/(Bob Marley) created a /obj/machinery/portable_atmospherics/canister/oxygen
ADMIN: Electroncis111/(Bob Marley) created a /obj/machinery/portable_atmospherics/canister/oxygen
ADMIN: Electroncis111/(Bob Marley) created a /obj/machinery/portable_atmospherics/canister/oxygen
ADMIN: Electroncis111/(Bob Marley) created a /obj/machinery/portable_atmospherics/canister/oxygen
ADMIN: Electroncis111/(Bob Marley) created a /obj/item/clothing/head/helmet/space
ADMIN: Electroncis111/(Bob Marley) created a /obj/item/clothing/suit/space
ADMIN: Electroncis111/(Bob Marley) created a /obj/item/clothing/mask/gas/swat
ADMIN: Electroncis111/(Bob Marley) created a /obj/item/weapon/tank/jetpack
ADMIN: Electroncis111/(Bob Marley) created a /obj/item/clothing/shoes/galoshes
ACCESS: Logout: Electroncis111/(Bob Marley)


Starting up. 18:42.36
---------------------

ADMIN: Loading jobban_rank
ADMIN: jobban_keylist was empty
ADMIN: Updating jobbanfile!
ADMIN: Loading goon_keylist
ADMIN: goon_keylist was empty
ADMIN: Loading Banlist
ACCESS: Login: Electroncis111/(Electroncis111) from 127.0.0.1
ACCESS: Logout: *no client*/(Electroncis111)
ACCESS: Login: Electroncis111/(Bob Marley) from 127.0.0.1
ADMIN: Electroncis111/(Bob Marley) created a /obj/item/clothing/ears/earmuffs
ACCESS: Login: Alfie275/(Alfie275) from 88.108.251.118
ACCESS: Logout: Alfie275/(Alfie275)
ACCESS: Login: Alfie275/(Alfie275) from 88.108.251.118
ACCESS: Logout: *no client*/(Alfie275)
ACCESS: Login: Alfie275/(Xen) from 88.108.251.118
OOC: Xen/Alfie275 : ROFL
OOC: Bob Marley/Electroncis111 : hi
OOC: Bob Marley/Electroncis111 : dum ded um
OOC: Xen/Alfie275 : ARG
OOC: Xen/Alfie275 : LAG
OOC: Xen/Alfie275 : WIAT
OOC: Bob Marley/Electroncis111 : ok, I&#39;m done
OOC: Bob Marley/Electroncis111 : no lag here
OOC: Xen/Alfie275 : STOP LAGGING
OOC: Bob Marley/Electroncis111 : ur internet
OOC: Xen/Alfie275 : No
OOC: Unknown/Electroncis111 : no lag here
OOC: Xen/Alfie275 : Whole thing froze for like a min
OOC: Xen/Alfie275 : It was ok at first
OOC: Xen/Alfie275 : Also, if it was my internet, i would lag on BS12
OOC: Xen/Alfie275 : CANT CATCH ME WITHOT ADMIN  TELEPORTING
OOC: Unknown/Electroncis111 : ????
OOC: Unknown/Electroncis111 : ur admin?
OOC: Xen/Alfie275 : No
OOC: Bob Marley/Electroncis111 : one mo
OOC: Bob Marley/Electroncis111 : where are you?
SAY: Xen/Alfie275 : FILTHY CHEATER
ADMIN: Electroncis111/(Bob Marley) has made Alfie275 a Coder
ADMIN: Electroncis111/(Bob Marley) healed / Rrvived Alfie275/(Xen)
OOC: Bob Marley/Electroncis111 : u coder now
OOC: Bob Marley/Electroncis111 : what&#39;s with the firelocks?
OOC: Bob Marley/Electroncis111 : I lost my radio
ADMIN: Alfie275/(Xen) created a /obj/blob
SAY: Bob Marley/Electroncis111 : hi
OOC: Bob Marley/Electroncis111 : epic fail
ADMIN: Alfie275/(Xen) has robotized Electroncis111.
ACCESS: Logout: *no client*/(Bob Marley)
ACCESS: Login: Electroncis111/(Cyborg) from 127.0.0.1
OOC: Cyborg 310/Electroncis111 : oh what the fuck?
ADMIN: Alfie275/(Xen) made Electroncis111/(Cyborg 310) drop everything!
OOC: Xen/Alfie275 : Wierd
OOC: Xen/Alfie275 : Cant pick anything up
ADMIN: Alfie275/(Xen) is attempting to alienize Alfie275.
ACCESS: Logout: *no client*/(Xen)
ACCESS: Login: Alfie275/(alien) from 88.108.251.118
ACCESS: Logout: *no client*/(Cyborg 310)
ACCESS: Login: Electroncis111/(Cyborg 310) from 127.0.0.1
ADMIN: Electroncis111/(Cyborg 310) created a /mob/living/carbon/human
OOC: Cyborg 310/Electroncis111 : ARGHHH
OOC: Cyborg 310/Electroncis111 : I can&#39;t get into stuff
OOC: Cyborg 310/Electroncis111 : hahaha u alien
ADMIN: Electroncis111/(Cyborg 310) modified Atmospherics Access's secondsElectrified to 999999
OOC: alien (457)/Alfie275 : CHEATER
OOC: Cyborg 310/Electroncis111 : u made me robot
ADMIN: Electroncis111/(Cyborg 310) jumped to Alfie275/(alien (457))
ADMIN: Electroncis111/(Cyborg 310) teleported Alfie275/(alien (457))
ADMIN: Electroncis111/(Cyborg 310) teleported Alfie275/(alien (457)) to Head of Research's Office
ADMIN: PM: Electroncis111/(Cyborg 310)->Alfie275/(alien (457)) : hahaha
OOC: alien (457)/Alfie275 : CHEATER
OOC: Cyborg 310/Electroncis111 : DON&#39;T MAKE ME A ROBOT
SAY: Ghost/Electroncis111 : I&#39;M STUPID LOL ROFL!
ADMIN: Electroncis111/(Cyborg 310) forced Electroncis111/(Cyborg 310) to say: I&#39;M STUPID LOL ROFL!
OOC: Cyborg 310/Electroncis111 : oops
SAY: alien (457)/Alfie275 : I&#39;M STUPID LOL ROFL HAHAHA I LOVE YEr MOM ajugbhrbg
ADMIN: Electroncis111/(Cyborg 310) forced Alfie275/(alien (457)) to say: I&#39;M STUPID LOL ROFL HAHAHA I LOVE YEr MOM ajugbhrbg
ACCESS: Logout: *no client*/(Cyborg 310)
ACCESS: Login: Electroncis111/(Cyborg 310) from 127.0.0.1
ADMIN: Electroncis111/(Cyborg 310) created 100ea /mob/living/carbon/monkey
ACCESS: Logout: *no client*/(Cyborg 310)
ACCESS: Login: Electroncis111/(Cyborg 310) from 127.0.0.1
ACCESS: Logout: *no client*/(Cyborg 310)
ACCESS: Login: Electroncis111/(Cyborg 310) from 127.0.0.1
OOC: Cyborg 310/Electroncis111 : i am an invisible robot?????
OOC: alien (457)/Alfie275 : Ur a ghost maybe?
OOC: Cyborg 310/Electroncis111 : nope
OOC: Cyborg 310/Electroncis111 : you created blob earlier?
ADMIN: Electroncis111/(Cyborg 310) used secret wave
OOC: alien (457)/Alfie275 : Yeah
OOC: Cyborg 310/Electroncis111 : i can&#39;t be normal :(
OOC: alien (457)/Alfie275 : respawn?
OOC: Cyborg 310/Electroncis111 : can&#39;t for some reason
ADMIN: SubtlePM: Electroncis111/(Cyborg 310) -> Alfie275/(alien (457)) : ooooooo
ADMIN: Alfie275/(alien (457)) healed / Rrvived Alfie275/(alien (457))
ADMIN: Electroncis111/(Cyborg 310) toggled respawn to On.
GAME: Cyborg 310/Electroncis111 used abandon mob.
ACCESS: Logout: *no client*/(Cyborg 310)
ACCESS: Login: Electroncis111/(new player) from 127.0.0.1
ACCESS: Login: Electroncis111/(new player) from 127.0.0.1
ACCESS: Logout: *no client*/(new player)
ACCESS: Login: Electroncis111/(Bob Marley) from 127.0.0.1
OOC: Bob Marley/Electroncis111 : gtg soon
OOC: Bob Marley/Electroncis111 : I might leave this server up on public
OOC: Bob Marley/Electroncis111 : what do you think?
ADMIN: Electroncis111/(Bob Marley) used secret toxic
ADMIN: Electroncis111/(Bob Marley) used secret sec_classic1
OOC: Bob Marley/Electroncis111 : lol
ADMIN: Alfie275/(alien (457)) modified Atmospherics Access's secondsElectrified to 0
OOC: Bob Marley/Electroncis111 : damn you
OOC: Bob Marley/Electroncis111 : so what do you think, shall i put this on public seeing as I have to go?
ADMIN: PM: Electroncis111/(Bob Marley)->Alfie275/(alien (457)) : HELLO ARe YOU LISTENING TO OOC?
ADMIN: PM: Alfie275/(alien (457))->Electroncis111/(Bob Marley) : YAR
ADMIN: PM: Electroncis111/(Bob Marley)->Alfie275/(alien (457)) : so what do you think, shall i put this on public seeing as I have to go?
ADMIN: PM: Alfie275/(alien (457))->Electroncis111/(Bob Marley) : yar
ADMIN: PM: Electroncis111/(Bob Marley)->Alfie275/(alien (457)) : you admin the server?
ADMIN: Electroncis111/(Bob Marley) jumped to Alfie275/(alien (457))
ADMIN: Alfie275/(alien (457)) has gibbed Electroncis111/(Bob Marley)
ACCESS: Logout: *no client*/(Bob Marley)
ACCESS: Login: Electroncis111/(Bob Marley) from 127.0.0.1
GAME: Bob Marley/Electroncis111 used abandon mob.
ACCESS: Logout: *no client*/(Bob Marley)
ACCESS: Login: Electroncis111/(new player) from 127.0.0.1
ACCESS: Login: Electroncis111/(new player) from 127.0.0.1
ACCESS: Logout: *no client*/(new player)
ACCESS: Login: Electroncis111/(Bob Marley) from 127.0.0.1
OOC: Bob Marley/Electroncis111 : ok, I need a reboot ok?
OOC: alien (457)/Alfie275 : WHY?
OOC: Bob Marley/Electroncis111 : set it to public ?
OOC: alien (457)/Alfie275 : NO
OOC: alien (457)/Alfie275 : CAN DO THAT DURING
OOC: Bob Marley/Electroncis111 : really ok
OOC: Bob Marley/Electroncis111 : here we go
OOC: Bob Marley/Electroncis111 : it&#39;s public
OOC: Bob Marley/Electroncis111 : oh need to edit title
OOC: Bob Marley/Electroncis111 : oh forget it
OOC: Bob Marley/Electroncis111 : I need to remove gon chat as well
OOC: Bob Marley/Electroncis111 : not showin on the hub
OOC: Bob Marley/Electroncis111 : yet
OOC: Bob Marley/Electroncis111 : Oh I&#39;m going to take it down
OOC: Bob Marley/Electroncis111 : 5
OOC: Bob Marley/Electroncis111 : 4
OOC: Bob Marley/Electroncis111 : 3
OOC: Bob Marley/Electroncis111 : 2
ADMIN: Alfie275/(alien (457)) created a /obj/machinery/portable_atmospherics/canister/toxins
OOC: Bob Marley/Electroncis111 : 1
OOC: Bob Marley/Electroncis111 : BOOM
OOC: alien (457)/Alfie275 : NO
OOC: alien (457)/Alfie275 : NEed to test
OOC: Bob Marley/Electroncis111 : gtg
OOC: Bob Marley/Electroncis111 : I&#39;ll leve it up
ACCESS: Logout: Electroncis111/(Bob Marley)
ACCESS: Logout: Alfie275/(flash)
