

Starting up. 21:00.57
---------------------

ADMIN: Loading jobban_rank
ADMIN: jobban_keylist was empty
ADMIN: Updating jobbanfile!
ADMIN: Loading goon_keylist
ADMIN: goon_keylist was empty
ADMIN: Loading Banlist


Starting up. 21:02.40
---------------------

ADMIN: Loading jobban_rank
ADMIN: jobban_keylist was empty
ADMIN: Updating jobbanfile!
ADMIN: Loading goon_keylist
ADMIN: goon_keylist was empty
ADMIN: Loading Banlist
ACCESS: Login: Electroncis111/(Electroncis111) from 127.0.0.1
ADMIN: Electroncis111 has started the game.
ACCESS: Logout: *no client*/(Electroncis111)
ACCESS: Login: Electroncis111/(Bob Marley) from 127.0.0.1
ADMIN: Electroncis111/(Bob Marley) jumped to *no client*/(monkey (648))
ADMIN: Electroncis111/(Bob Marley) created a /obj/item/clothing/mask/gas/emergency
ADMIN: Electroncis111/(Bob Marley) created a /obj/item/clothing/mask/gas/emergency
ADMIN: Electroncis111/(Bob Marley) created a /obj/item/weapon/tank/jetpack
SAY: Bob Marley/Electroncis111 : suicide
ADMIN: Electroncis111/(Bob Marley) teleported *no client*/(monkey (648))
GAME: Rebooting because of no live players
ACCESS: Logout: Electroncis111/(Bob Marley)


Starting up. 21:08.28
---------------------

ADMIN: Loading jobban_rank
ADMIN: jobban_keylist was empty
ADMIN: Updating jobbanfile!
ADMIN: Loading goon_keylist
ADMIN: goon_keylist was empty
ADMIN: Loading Banlist
ACCESS: Login: Electroncis111/(Electroncis111) from 127.0.0.1
ACCESS: Logout: Electroncis111/(Electroncis111)
