

Starting up. 13:18.45
---------------------

ADMIN: Loading jobban_rank
ADMIN: jobban_keylist was empty
ADMIN: Updating jobbanfile!
ADMIN: Loading goon_keylist
ADMIN: goon_keylist was empty
ADMIN: Loading Banlist
ACCESS: Login: Electroncis111/(Electroncis111) from 127.0.0.1
ADMIN: Electroncis111 has started the game.
ACCESS: Logout: *no client*/(Electroncis111)
ACCESS: Login: Electroncis111/(Bob Marley) from 127.0.0.1
ADMIN: Electroncis111/(Bob Marley) modified circulator/heat exchanger's dir to 1
ADMIN: Electroncis111/(Bob Marley) has toggled Electroncis111/(Bob Marley)'s nodamage to On
ADMIN: Electroncis111/(Bob Marley) created a /obj/machinery/portable_atmospherics/canister/toxins
ADMIN: Electroncis111/(Bob Marley) created a /obj/item/weapon/wrench
ADMIN: Electroncis111/(Bob Marley) created 5ea /obj/item/weapon/sheet/metal
ACCESS: Logout: Electroncis111/(Bob Marley)


Starting up. 13:38.44
---------------------

ADMIN: Loading jobban_rank
ADMIN: jobban_keylist was empty
ADMIN: Updating jobbanfile!
ADMIN: Loading goon_keylist
ADMIN: goon_keylist was empty
ADMIN: Loading Banlist
ACCESS: Login: Electroncis111/(Electroncis111) from 127.0.0.1
ADMIN: Electroncis111 has started the game.
ACCESS: Logout: *no client*/(Electroncis111)
ACCESS: Login: Electroncis111/(Bob Marley) from 127.0.0.1
ADMIN: Electroncis111/(Bob Marley) created a /obj/item/device/analyzer
ADMIN: Electroncis111/(Bob Marley) created a /obj/machinery/portable_atmospherics/canister/toxins
ADMIN: Electroncis111/(Bob Marley) created a /obj/item/weapon/wrench
ACCESS: Logout: Electroncis111/(Bob Marley)


Starting up. 14:18.21
---------------------

ADMIN: Loading jobban_rank
ADMIN: jobban_keylist was empty
ADMIN: Updating jobbanfile!
ADMIN: Loading goon_keylist
ADMIN: goon_keylist was empty
ADMIN: Loading Banlist
ACCESS: Login: Electroncis111/(Electroncis111) from 127.0.0.1
ADMIN: Electroncis111 has started the game.
ACCESS: Logout: *no client*/(Electroncis111)
ACCESS: Login: Electroncis111/(Bob Marley) from 127.0.0.1
ACCESS: Logout: Electroncis111/(Bob Marley)


Starting up. 14:20.35
---------------------

ADMIN: Loading jobban_rank
ADMIN: jobban_keylist was empty
ADMIN: Updating jobbanfile!
ADMIN: Loading goon_keylist
ADMIN: goon_keylist was empty
ADMIN: Loading Banlist
ACCESS: Login: Electroncis111/(Electroncis111) from 127.0.0.1
ADMIN: Electroncis111 has started the game.
ACCESS: Logout: *no client*/(Electroncis111)
ACCESS: Login: Electroncis111/(Bob Marley) from 127.0.0.1
ACCESS: Logout: Electroncis111/(Bob Marley)


Starting up. 14:31.41
---------------------

ADMIN: Loading jobban_rank
ADMIN: jobban_keylist was empty
ADMIN: Updating jobbanfile!
ADMIN: Loading goon_keylist
ADMIN: goon_keylist was empty
ADMIN: Loading Banlist
ACCESS: Login: Electroncis111/(Electroncis111) from 127.0.0.1
ADMIN: Electroncis111 has started the game.
ACCESS: Logout: *no client*/(Electroncis111)
ACCESS: Login: Electroncis111/(Trent Potter) from 127.0.0.1
ADMIN: Electroncis111/(Trent Potter) created a /obj/machinery/portable_atmospherics/canister/toxins
ADMIN: Electroncis111/(Trent Potter) created a /obj/item/weapon/wrench
ADMIN: Electroncis111/(Trent Potter) created a /obj/machinery/portable_atmospherics/canister/oxygen
ADMIN: Electroncis111/(Trent Potter) created a /obj/machinery/portable_atmospherics/canister/oxygen
ADMIN: Electroncis111/(Trent Potter) created a /obj/machinery/portable_atmospherics/canister/oxygen
ADMIN: Electroncis111/(Trent Potter) created a /obj/machinery/portable_atmospherics/canister/oxygen
ADMIN: Electroncis111/(Trent Potter) created a /obj/machinery/portable_atmospherics/canister/oxygen
ADMIN: Electroncis111/(Trent Potter) created a /obj/machinery/portable_atmospherics/canister/oxygen
ADMIN: Electroncis111/(Trent Potter) created a /obj/machinery/portable_atmospherics/canister/oxygen
ADMIN: Electroncis111/(Trent Potter) created a /obj/machinery/portable_atmospherics/canister/oxygen
ACCESS: Logout: Electroncis111/(Trent Potter)


Starting up. 14:49.07
---------------------

ADMIN: Loading jobban_rank
ADMIN: jobban_keylist was empty
ADMIN: Updating jobbanfile!
ADMIN: Loading goon_keylist
ADMIN: goon_keylist was empty
ADMIN: Loading Banlist
ACCESS: Login: Electroncis111/(Electroncis111) from 127.0.0.1
ADMIN: Electroncis111 has started the game.
ACCESS: Logout: *no client*/(Electroncis111)
ACCESS: Login: Electroncis111/(Arthur Franks) from 127.0.0.1
ADMIN: Electroncis111/(Arthur Franks) created a /obj/machinery/meter
ADMIN: Electroncis111/(Arthur Franks) created a /obj/machinery/meter
ADMIN: Electroncis111/(Arthur Franks) created a /obj/machinery/meter
ADMIN: Electroncis111/(Arthur Franks) created a /obj/machinery/meter
ADMIN: Electroncis111/(Arthur Franks) created a /obj/machinery/portable_atmospherics/canister/toxins
ADMIN: Electroncis111/(Arthur Franks) created a /obj/machinery/portable_atmospherics/canister/oxygen
ADMIN: Electroncis111/(Arthur Franks) created a /obj/item/weapon/wrench
ACCESS: Logout: Electroncis111/(Arthur Franks)


Starting up. 15:34.05
---------------------

ADMIN: Loading jobban_rank
ADMIN: jobban_keylist was empty
ADMIN: Updating jobbanfile!
ADMIN: Loading goon_keylist
ADMIN: goon_keylist was empty
ADMIN: Loading Banlist
ACCESS: Login: Electroncis111/(Electroncis111) from 127.0.0.1
ADMIN: Electroncis111 has started the game.
ACCESS: Logout: *no client*/(Electroncis111)
ACCESS: Login: Electroncis111/(Jaye Basmanoff) from 127.0.0.1
ACCESS: Logout: Electroncis111/(Jaye Basmanoff)


Starting up. 15:39.45
---------------------

ADMIN: Loading jobban_rank
ADMIN: jobban_keylist was empty
ADMIN: Updating jobbanfile!
ADMIN: Loading goon_keylist
ADMIN: goon_keylist was empty
ADMIN: Loading Banlist
ACCESS: Login: Electroncis111/(Electroncis111) from 127.0.0.1
ADMIN: Electroncis111 has started the game.
ACCESS: Logout: *no client*/(Electroncis111)
ACCESS: Login: Electroncis111/(Robert Russell) from 127.0.0.1
ACCESS: Logout: Electroncis111/(Robert Russell)


Starting up. 15:48.40
---------------------

ADMIN: Loading jobban_rank
ADMIN: jobban_keylist was empty
ADMIN: Updating jobbanfile!
ADMIN: Loading goon_keylist
ADMIN: goon_keylist was empty
ADMIN: Loading Banlist
ACCESS: Login: Electroncis111/(Electroncis111) from 127.0.0.1
ADMIN: Electroncis111 has started the game.
ACCESS: Logout: *no client*/(Electroncis111)
ACCESS: Login: Electroncis111/(Russell Oneal) from 127.0.0.1
ADMIN: Electroncis111/(Russell Oneal) has toggled Electroncis111/(Russell Oneal)'s nodamage to On
ACCESS: Logout: Electroncis111/(Russell Oneal)


Starting up. 15:56.12
---------------------

ADMIN: Loading jobban_rank
ADMIN: jobban_keylist was empty
ADMIN: Updating jobbanfile!
ADMIN: Loading goon_keylist
ADMIN: goon_keylist was empty
ADMIN: Loading Banlist
ACCESS: Login: Electroncis111/(Electroncis111) from 127.0.0.1
ADMIN: Electroncis111 has started the game.
ACCESS: Logout: *no client*/(Electroncis111)
ACCESS: Login: Electroncis111/(Frankie Vasilyev) from 127.0.0.1
ACCESS: Logout: Electroncis111/(Frankie Vasilyev)


Starting up. 16:17.53
---------------------

ADMIN: Loading jobban_rank
ADMIN: jobban_keylist was empty
ADMIN: Updating jobbanfile!
ADMIN: Loading goon_keylist
ADMIN: goon_keylist was empty
ADMIN: Loading Banlist
ACCESS: Login: Electroncis111/(Electroncis111) from 127.0.0.1
ACCESS: Logout: *no client*/(Electroncis111)
ACCESS: Login: Electroncis111/(Bryce Beedell) from 127.0.0.1
ADMIN: Electroncis111/(Bryce Beedell) modified Bryce Beedell's y to 79
ADMIN: Electroncis111/(Bryce Beedell) has toggled Electroncis111/(Bryce Beedell)'s nodamage to On
ADMIN: Electroncis111/(Bryce Beedell) deleted the reinforced window at (81,80,1)
ADMIN: Electroncis111/(Bryce Beedell) deleted the reinforced window at (81,78,1)
ACCESS: Logout: Electroncis111/(Bryce Beedell)


Starting up. 21:50.00
---------------------

ADMIN: Loading jobban_rank
ADMIN: jobban_keylist was empty
ADMIN: Updating jobbanfile!
ADMIN: Loading goon_keylist
ADMIN: goon_keylist was empty
ADMIN: Loading Banlist
ACCESS: Login: Electroncis111/(Electroncis111) from 127.0.0.1
ADMIN: Electroncis111 has started the game.
ACCESS: Logout: *no client*/(Electroncis111)
ACCESS: Login: Electroncis111/(Lukas Thomas) from 127.0.0.1
ACCESS: Logout: Electroncis111/(Lukas Thomas)
